<?xml version="1.0" encoding="UTF-8"?>
<testng-results ignored="0" total="1" passed="1" failed="0" skipped="0">
  <reporter-output>
  </reporter-output>
  <suite started-at="2025-11-17T15:16:54 IST" name="Master Suite" finished-at="2025-11-17T15:17:50 IST" duration-ms="56345">
    <groups>
      <group name="Master">
        <method signature="TC004_SearchProductTest.verify_productSeach()[pri:0, instance:testCases.TC004_SearchProductTest@c9d0d6]" name="verify_productSeach" class="testCases.TC004_SearchProductTest"/>
      </group> <!-- Master -->
    </groups>
    <test started-at="2025-11-17T15:16:54 IST" name="Test" finished-at="2025-11-17T15:17:50 IST" duration-ms="56345">
      <class name="testCases.TC004_SearchProductTest">
        <test-method is-config="true" signature="setup(java.lang.String,java.lang.String)[pri:0, instance:testCases.TC004_SearchProductTest@c9d0d6]" started-at="2025-11-17T15:16:55 IST" name="setup" finished-at="2025-11-17T15:17:45 IST" duration-ms="50072" status="PASS">
          <params>
            <param index="0">
              <value>
                <![CDATA[Windows]]>
              </value>
            </param>
            <param index="1">
              <value>
                <![CDATA[chrome]]>
              </value>
            </param>
          </params>
          <reporter-output>
          </reporter-output>
        </test-method> <!-- setup -->
        <test-method signature="verify_productSeach()[pri:0, instance:testCases.TC004_SearchProductTest@c9d0d6]" started-at="2025-11-17T15:17:46 IST" name="verify_productSeach" finished-at="2025-11-17T15:17:49 IST" duration-ms="3908" status="PASS">
          <reporter-output>
          </reporter-output>
        </test-method> <!-- verify_productSeach -->
        <test-method is-config="true" signature="tearDown()[pri:0, instance:testCases.TC004_SearchProductTest@c9d0d6]" started-at="2025-11-17T15:17:50 IST" name="tearDown" finished-at="2025-11-17T15:17:50 IST" duration-ms="671" status="PASS">
          <reporter-output>
          </reporter-output>
        </test-method> <!-- tearDown -->
      </class> <!-- testCases.TC004_SearchProductTest -->
    </test> <!-- Test -->
  </suite> <!-- Master Suite -->
</testng-results>
